<?xml version="1.0" encoding="UTF-8"?>
<testng-results skipped="0" failed="0" total="1" passed="1">
  <reporter-output>
  </reporter-output>
  <suite name="Default suite" duration-ms="27" started-at="2017-01-20T02:05:25Z" finished-at="2017-01-20T02:05:25Z">
    <groups>
    </groups>
    <test name="Default test" duration-ms="27" started-at="2017-01-20T02:05:25Z" finished-at="2017-01-20T02:05:25Z">
      <class name="com.thoughts.wisePage.Pages.NewClass">
        <test-method status="PASS" signature="testSearch()[pri:0, instance:com.thoughts.wisePage.Pages.NewClass@415dd2f9]" name="testSearch" duration-ms="12" started-at="2017-01-20T07:35:25Z" finished-at="2017-01-20T07:35:25Z">
          <reporter-output>
          </reporter-output>
        </test-method> <!-- testSearch -->
      </class> <!-- com.thoughts.wisePage.Pages.NewClass -->
    </test> <!-- Default test -->
  </suite> <!-- Default suite -->
</testng-results>
